<?xml version="1.0" encoding="UTF-8"?>
<testng-results ignored="0" total="4" passed="3" failed="1" skipped="0">
  <reporter-output>
  </reporter-output>
  <suite started-at="2022-08-08T19:18:09 IST" name="Suite" finished-at="2022-08-08T19:20:37 IST" duration-ms="147158">
    <groups>
    </groups>
    <test started-at="2022-08-08T19:18:09 IST" name="FirstTest" finished-at="2022-08-08T19:18:09 IST" duration-ms="83">
      <class name="realtimeproject.FirstTest">
        <test-method signature="firstTest()[pri:0, instance:realtimeproject.FirstTest@1be2019a]" started-at="2022-08-08T19:18:09 IST" name="firstTest" finished-at="2022-08-08T19:18:09 IST" duration-ms="24" status="PASS">
          <reporter-output>
          </reporter-output>
        </test-method> <!-- firstTest -->
      </class> <!-- realtimeproject.FirstTest -->
    </test> <!-- FirstTest -->
    <test started-at="2022-08-08T19:18:09 IST" name="TwoTest" finished-at="2022-08-08T19:18:09 IST" duration-ms="84">
      <class name="realtimeproject.TwoTest">
        <test-method signature="twoTest()[pri:0, instance:realtimeproject.TwoTest@4a003cbe]" started-at="2022-08-08T19:18:09 IST" name="twoTest" finished-at="2022-08-08T19:18:09 IST" duration-ms="24" status="PASS">
          <reporter-output>
          </reporter-output>
        </test-method> <!-- twoTest -->
      </class> <!-- realtimeproject.TwoTest -->
    </test> <!-- TwoTest -->
    <test started-at="2022-08-08T19:18:09 IST" name="LoginTest" finished-at="2022-08-08T19:20:37 IST" duration-ms="147158">
      <class name="realtimeproject.LoginTest">
        <test-method is-config="true" signature="openApplication()[pri:0, instance:realtimeproject.LoginTest@491b9b8]" started-at="2022-08-08T19:18:09 IST" name="openApplication" finished-at="2022-08-08T19:18:23 IST" duration-ms="13600" status="PASS">
          <reporter-output>
          </reporter-output>
        </test-method> <!-- openApplication -->
        <test-method signature="login(java.lang.String,java.lang.String,java.lang.String)[pri:0, instance:realtimeproject.LoginTest@491b9b8]" started-at="2022-08-08T19:18:23 IST" name="login" data-provider="data" finished-at="2022-08-08T19:19:07 IST" duration-ms="43612" status="PASS">
          <params>
            <param index="0">
              <value>
                <![CDATA[arun.selenium@gmail.com]]>
              </value>
            </param>
            <param index="1">
              <value>
                <![CDATA[Second@123]]>
              </value>
            </param>
            <param index="2">
              <value>
                <![CDATA[successfull]]>
              </value>
            </param>
          </params>
          <reporter-output>
          </reporter-output>
        </test-method> <!-- login -->
        <test-method is-config="true" signature="closure()[pri:0, instance:realtimeproject.LoginTest@491b9b8]" started-at="2022-08-08T19:19:07 IST" name="closure" finished-at="2022-08-08T19:19:07 IST" duration-ms="390" status="PASS">
          <reporter-output>
          </reporter-output>
        </test-method> <!-- closure -->
        <test-method is-config="true" signature="openApplication()[pri:0, instance:realtimeproject.LoginTest@491b9b8]" started-at="2022-08-08T19:19:07 IST" name="openApplication" finished-at="2022-08-08T19:19:50 IST" duration-ms="43249" status="PASS">
          <reporter-output>
          </reporter-output>
        </test-method> <!-- openApplication -->
        <test-method signature="login(java.lang.String,java.lang.String,java.lang.String)[pri:0, instance:realtimeproject.LoginTest@491b9b8]" started-at="2022-08-08T19:19:50 IST" name="login" data-provider="data" finished-at="2022-08-08T19:20:17 IST" duration-ms="26734" status="FAIL">
          <params>
            <param index="0">
              <value>
                <![CDATA[dummy@gmail.com]]>
              </value>
            </param>
            <param index="1">
              <value>
                <![CDATA[dummy]]>
              </value>
            </param>
            <param index="2">
              <value>
                <![CDATA[failure]]>
              </value>
            </param>
          </params>
          <exception class="java.lang.AssertionError">
            <message>
              <![CDATA[expected [failure] but found [successfull]]]>
            </message>
            <full-stacktrace>
              <![CDATA[java.lang.AssertionError: expected [failure] but found [successfull]
at org.testng.Assert.fail(Assert.java:110)
at org.testng.Assert.failNotEquals(Assert.java:1413)
at org.testng.Assert.assertEqualsImpl(Assert.java:149)
at org.testng.Assert.assertEquals(Assert.java:131)
at org.testng.Assert.assertEquals(Assert.java:655)
at org.testng.Assert.assertEquals(Assert.java:665)
at realtimeproject.LoginTest.login(LoginTest.java:77)
at java.base/jdk.internal.reflect.NativeMethodAccessorImpl.invoke0(Native Method)
at java.base/jdk.internal.reflect.NativeMethodAccessorImpl.invoke(NativeMethodAccessorImpl.java:77)
at java.base/jdk.internal.reflect.DelegatingMethodAccessorImpl.invoke(DelegatingMethodAccessorImpl.java:43)
at java.base/java.lang.reflect.Method.invoke(Method.java:568)
at org.testng.internal.invokers.MethodInvocationHelper.invokeMethod(MethodInvocationHelper.java:139)
at org.testng.internal.invokers.TestInvoker.invokeMethod(TestInvoker.java:677)
at org.testng.internal.invokers.TestInvoker.invokeTestMethod(TestInvoker.java:221)
at org.testng.internal.invokers.MethodRunner.runInSequence(MethodRunner.java:50)
at org.testng.internal.invokers.TestInvoker$MethodInvocationAgent.invoke(TestInvoker.java:962)
at org.testng.internal.invokers.TestInvoker.invokeTestMethods(TestInvoker.java:194)
at org.testng.internal.invokers.TestMethodWorker.invokeTestMethods(TestMethodWorker.java:148)
at org.testng.internal.invokers.TestMethodWorker.run(TestMethodWorker.java:128)
at java.base/java.util.ArrayList.forEach(ArrayList.java:1511)
at org.testng.TestRunner.privateRun(TestRunner.java:806)
at org.testng.TestRunner.run(TestRunner.java:601)
at org.testng.SuiteRunner.runTest(SuiteRunner.java:433)
at org.testng.SuiteRunner$SuiteWorker.run(SuiteRunner.java:471)
at org.testng.internal.thread.ThreadUtil.lambda$execute$0(ThreadUtil.java:58)
at java.base/java.util.concurrent.FutureTask.run(FutureTask.java:264)
at java.base/java.util.concurrent.ThreadPoolExecutor.runWorker(ThreadPoolExecutor.java:1136)
at java.base/java.util.concurrent.ThreadPoolExecutor$Worker.run(ThreadPoolExecutor.java:635)
at java.base/java.lang.Thread.run(Thread.java:833)
]]>
            </full-stacktrace>
          </exception> <!-- java.lang.AssertionError -->
          <reporter-output>
          </reporter-output>
        </test-method> <!-- login -->
        <test-method is-config="true" signature="closure()[pri:0, instance:realtimeproject.LoginTest@491b9b8]" started-at="2022-08-08T19:20:36 IST" name="closure" finished-at="2022-08-08T19:20:37 IST" duration-ms="302" status="PASS">
          <reporter-output>
          </reporter-output>
        </test-method> <!-- closure -->
      </class> <!-- realtimeproject.LoginTest -->
    </test> <!-- LoginTest -->
  </suite> <!-- Suite -->
</testng-results>
